Using pre-set license
Built from '2022.1/staging' branch; Version is '2022.1.18f1 (8a091f9adba4) revision 9046303'; Using compiler version '192829333'; Build Type 'Release'
OS: 'Windows 10  (10.0.19045) 64bit CoreSingleLanguage' Language: 'ru' Physical Memory: 7103 MB
BatchMode: 1, IsHumanControllingUs: 0, StartBugReporterOnCrash: 0, Is64bit: 1, IsPro: 1

COMMAND LINE ARGUMENTS:
D:\unity\2022.1.18f1\Editor\Unity.exe
-adb2
-batchMode
-noUpm
-name
AssetImportWorker3
-projectPath
D:/ProjectGit/Beat--Em-Up
-logFile
Logs/AssetImportWorker3.log
-srvPort
64125
Successfully changed project path to: D:/ProjectGit/Beat--Em-Up
D:/ProjectGit/Beat--Em-Up
[UnityMemory] Configuration Parameters - Can be set up in boot.config
    "memorysetup-bucket-allocator-granularity=16"
    "memorysetup-bucket-allocator-bucket-count=8"
    "memorysetup-bucket-allocator-block-size=33554432"
    "memorysetup-bucket-allocator-block-count=8"
    "memorysetup-main-allocator-block-size=16777216"
    "memorysetup-thread-allocator-block-size=16777216"
    "memorysetup-gfx-main-allocator-block-size=16777216"
    "memorysetup-gfx-thread-allocator-block-size=16777216"
    "memorysetup-cache-allocator-block-size=4194304"
    "memorysetup-typetree-allocator-block-size=2097152"
    "memorysetup-profiler-bucket-allocator-granularity=16"
    "memorysetup-profiler-bucket-allocator-bucket-count=8"
    "memorysetup-profiler-bucket-allocator-block-size=33554432"
    "memorysetup-profiler-bucket-allocator-block-count=8"
    "memorysetup-profiler-allocator-block-size=16777216"
    "memorysetup-profiler-editor-allocator-block-size=1048576"
    "memorysetup-temp-allocator-size-main=16777216"
    "memorysetup-job-temp-allocator-block-size=2097152"
    "memorysetup-job-temp-allocator-block-size-background=1048576"
    "memorysetup-job-temp-allocator-reduction-small-platforms=262144"
    "memorysetup-temp-allocator-size-background-worker=32768"
    "memorysetup-temp-allocator-size-job-worker=262144"
    "memorysetup-temp-allocator-size-preload-manager=33554432"
    "memorysetup-temp-allocator-size-nav-mesh-worker=65536"
    "memorysetup-temp-allocator-size-audio-worker=65536"
    "memorysetup-temp-allocator-size-cloud-worker=32768"
    "memorysetup-temp-allocator-size-gi-baking-worker=262144"
    "memorysetup-temp-allocator-size-gfx=262144"
received signal from system: SIGSEGV
Obtained 25 stack frames
0x00007ff6d106b47d (Unity) StackWalker::GetCurrentCallstack
0x00007ff6d1072179 (Unity) StackWalker::ShowCallstack
0x00007ff6d2018ef3 (Unity) GetStacktrace
0x00007ff6d10711b6 (Unity) winutils::PrintStackTrace
0x00007ff6d106aaac (Unity) winutils::CrashHandler::DefaultSignalHandler
0x00007ff6d33f2738 (Unity) seh_filter_exe
0x00007ff6d34b4930 (Unity) `__scrt_common_main_seh'::`1'::filt$0
0x00007ff6d33bb760 (Unity) _C_specific_handler
0x00007ff80999292f (ntdll) 
0x00007ff809942554 (ntdll) 
0x00007ff80999143e (ntdll) 
0x00007ff6d08cb8fa (Unity) DynamicHeapAllocator::InitializeMemoryRegion
0x00007ff6d08c6910 (Unity) DynamicHeapAllocator::CreateTLSFBlock
0x00007ff6d08c57b8 (Unity) DynamicHeapAllocator::Allocate
0x00007ff6d08c5e6c (Unity) MemoryManager::Allocate
0x00007ff6d08c50ed (Unity) operator new
0x00007ff6d0df14e8 (Unity) CreateAtomicStack
0x00007ff6d0be33ca (Unity) CreateJobQueue
0x00007ff6d0be17fa (Unity) JobSystem::CreateJobSystem
0x00007ff6d0c2eb43 (Unity) InitializeEngineNoGraphics
0x00007ff6d1baa542 (Unity) Application::InitializeProject
0x00007ff6d202364b (Unity) WinMain
0x00007ff6d339902e (Unity) __scrt_common_main_seh
0x00007ff808847374 (KERNEL32) BaseThreadInitThunk
0x00007ff80993cc91 (ntdll) 

